
*** Running vivado
    with args -log design_1_wrapper.vdi -applog -m64 -product Vivado -messageDb vivado.pb -mode batch -source design_1_wrapper.tcl -notrace


****** Vivado v2020.1 (64-bit)
  **** SW Build 2902540 on Wed May 27 19:54:35 MDT 2020
  **** IP Build 2902112 on Wed May 27 22:43:36 MDT 2020
    ** Copyright 1986-2020 Xilinx, Inc. All Rights Reserved.

source design_1_wrapper.tcl -notrace
INFO: [IP_Flow 19-234] Refreshing IP repositories
INFO: [IP_Flow 19-1700] Loaded user IP repository '/home/student/HDL/Projekty/G5_N/project_licznik/project_licznik.srcs/sources_1/imports/IP/SegmentsIP'.
INFO: [IP_Flow 19-1700] Loaded user IP repository '/home/student/HDL/Projekty/G5_N/project_licznik/project_licznik.srcs/sources_1/imports/IP/dzielnikIP'.
INFO: [IP_Flow 19-1700] Loaded user IP repository '/home/student/HDL/Projekty/G5_N/project_licznik/project_licznik.srcs/sources_1/imports/IP/blink'.
INFO: [IP_Flow 19-1700] Loaded user IP repository '/home/student/HDL/Projekty/G5_N/project_licznik/project_licznik.srcs/sources_1/imports/IP/Bin_2'.
INFO: [IP_Flow 19-1700] Loaded user IP repository '/home/student/HDL/Projekty/G5_N/project_licznik/project_licznik.srcs/sources_1/imports/IP/MUX_IP'.
INFO: [IP_Flow 19-1700] Loaded user IP repository '/home/student/HDL/Projekty/G5_N/project_licznik/project_licznik.srcs/sources_1/imports/IP/Licznik_IP'.
INFO: [IP_Flow 19-2313] Loaded Vivado IP repository '/tools/Xilinx/Vivado/2020.1/data/ip'.
Command: link_design -top design_1_wrapper -part xc7z020clg400-1
Design is defaulting to srcset: sources_1
Design is defaulting to constrset: constrs_1
INFO: [Device 21-403] Loading part xc7z020clg400-1
INFO: [Project 1-454] Reading design checkpoint '/home/student/HDL/Projekty/G5_N/project_licznik/project_licznik.srcs/sources_1/bd/design_1/ip/design_1_Licznik_2_0_0/design_1_Licznik_2_0_0.dcp' for cell 'design_1_i/Licznik_2_0'
INFO: [Project 1-454] Reading design checkpoint '/home/student/HDL/Projekty/G5_N/project_licznik/project_licznik.srcs/sources_1/bd/design_1/ip/design_1_MUX_display_LED_0_0/design_1_MUX_display_LED_0_0.dcp' for cell 'design_1_i/MUX_display_LED_0'
INFO: [Project 1-454] Reading design checkpoint '/home/student/HDL/Projekty/G5_N/project_licznik/project_licznik.srcs/sources_1/bd/design_1/ip/design_1_bin_2_bcd_v2_0_0/design_1_bin_2_bcd_v2_0_0.dcp' for cell 'design_1_i/bin_2_bcd_v2_0'
INFO: [Project 1-454] Reading design checkpoint '/home/student/HDL/Projekty/G5_N/project_licznik/project_licznik.srcs/sources_1/bd/design_1/ip/design_1_blink_0_0/design_1_blink_0_0.dcp' for cell 'design_1_i/blink_0'
INFO: [Project 1-454] Reading design checkpoint '/home/student/HDL/Projekty/G5_N/project_licznik/project_licznik.srcs/sources_1/bd/design_1/ip/design_1_clk_wiz_0_0/design_1_clk_wiz_0_0.dcp' for cell 'design_1_i/clk_wiz_0'
INFO: [Project 1-454] Reading design checkpoint '/home/student/HDL/Projekty/G5_N/project_licznik/project_licznik.srcs/sources_1/bd/design_1/ip/design_1_dzielnik_1Khz_z_10mHz_0_0/design_1_dzielnik_1Khz_z_10mHz_0_0.dcp' for cell 'design_1_i/dzielnik_1Khz_z_10mHz_0'
INFO: [Project 1-454] Reading design checkpoint '/home/student/HDL/Projekty/G5_N/project_licznik/project_licznik.srcs/sources_1/bd/design_1/ip/design_1_segments_7_driver_0_0/design_1_segments_7_driver_0_0.dcp' for cell 'design_1_i/segments_7_driver_0'
Netlist sorting complete. Time (s): cpu = 00:00:00 ; elapsed = 00:00:00 . Memory (MB): peak = 2209.809 ; gain = 0.000 ; free physical = 7730 ; free virtual = 13185
INFO: [Netlist 29-17] Analyzing 13 Unisim elements for replacement
INFO: [Netlist 29-28] Unisim Transformation completed in 0 CPU seconds
INFO: [Project 1-479] Netlist was created with Vivado 2020.1
INFO: [Project 1-570] Preparing netlist for logic optimization
Parsing XDC File [/home/student/HDL/Projekty/G5_N/project_licznik/project_licznik.srcs/sources_1/bd/design_1/ip/design_1_clk_wiz_0_0/design_1_clk_wiz_0_0_board.xdc] for cell 'design_1_i/clk_wiz_0/inst'
Finished Parsing XDC File [/home/student/HDL/Projekty/G5_N/project_licznik/project_licznik.srcs/sources_1/bd/design_1/ip/design_1_clk_wiz_0_0/design_1_clk_wiz_0_0_board.xdc] for cell 'design_1_i/clk_wiz_0/inst'
Parsing XDC File [/home/student/HDL/Projekty/G5_N/project_licznik/project_licznik.srcs/sources_1/bd/design_1/ip/design_1_clk_wiz_0_0/design_1_clk_wiz_0_0.xdc] for cell 'design_1_i/clk_wiz_0/inst'
INFO: [Timing 38-35] Done setting XDC timing constraints. [/home/student/HDL/Projekty/G5_N/project_licznik/project_licznik.srcs/sources_1/bd/design_1/ip/design_1_clk_wiz_0_0/design_1_clk_wiz_0_0.xdc:57]
INFO: [Timing 38-2] Deriving generated clocks [/home/student/HDL/Projekty/G5_N/project_licznik/project_licznik.srcs/sources_1/bd/design_1/ip/design_1_clk_wiz_0_0/design_1_clk_wiz_0_0.xdc:57]
Finished Parsing XDC File [/home/student/HDL/Projekty/G5_N/project_licznik/project_licznik.srcs/sources_1/bd/design_1/ip/design_1_clk_wiz_0_0/design_1_clk_wiz_0_0.xdc] for cell 'design_1_i/clk_wiz_0/inst'
Parsing XDC File [/home/student/HDL/Projekty/G5_N/project_licznik/project_licznik.srcs/constrs_1/imports/new/PMOD_SSD.xdc]
Finished Parsing XDC File [/home/student/HDL/Projekty/G5_N/project_licznik/project_licznik.srcs/constrs_1/imports/new/PMOD_SSD.xdc]
INFO: [Opt 31-138] Pushed 0 inverter(s) to 0 load pin(s).
Netlist sorting complete. Time (s): cpu = 00:00:00 ; elapsed = 00:00:00 . Memory (MB): peak = 2471.758 ; gain = 0.000 ; free physical = 7255 ; free virtual = 12710
INFO: [Project 1-111] Unisim Transformation Summary:
No Unisim elements were transformed.

24 Infos, 0 Warnings, 0 Critical Warnings and 0 Errors encountered.
link_design completed successfully
link_design: Time (s): cpu = 00:00:06 ; elapsed = 00:00:08 . Memory (MB): peak = 2471.758 ; gain = 261.949 ; free physical = 7255 ; free virtual = 12710
Command: opt_design
Attempting to get a license for feature 'Implementation' and/or device 'xc7z020'
INFO: [Common 17-349] Got license for feature 'Implementation' and/or device 'xc7z020'
Running DRC as a precondition to command opt_design

Starting DRC Task
INFO: [DRC 23-27] Running DRC with 8 threads
INFO: [Project 1-461] DRC finished with 0 Errors
INFO: [Project 1-462] Please refer to the DRC report (report_drc) for more information.

Time (s): cpu = 00:00:01 ; elapsed = 00:00:01 . Memory (MB): peak = 2564.508 ; gain = 92.750 ; free physical = 7228 ; free virtual = 12684

Starting Cache Timing Information Task
INFO: [Timing 38-35] Done setting XDC timing constraints.
Ending Cache Timing Information Task | Checksum: 23514d575

Time (s): cpu = 00:00:00.01 ; elapsed = 00:00:00 . Memory (MB): peak = 2564.508 ; gain = 0.000 ; free physical = 7230 ; free virtual = 12686

Starting Logic Optimization Task

Phase 1 Retarget
INFO: [Opt 31-138] Pushed 0 inverter(s) to 0 load pin(s).
INFO: [Opt 31-49] Retargeted 0 cell(s).
Phase 1 Retarget | Checksum: 1cba1dc52

Time (s): cpu = 00:00:00.03 ; elapsed = 00:00:00.01 . Memory (MB): peak = 2673.492 ; gain = 0.000 ; free physical = 7082 ; free virtual = 12537
INFO: [Opt 31-389] Phase Retarget created 7 cells and removed 7 cells
INFO: [Opt 31-1021] In phase Retarget, 1 netlist objects are constrained preventing optimization. Please run opt_design with -debug_log to get more detail. 

Phase 2 Constant propagation
INFO: [Opt 31-138] Pushed 0 inverter(s) to 0 load pin(s).
Phase 2 Constant propagation | Checksum: 1e69329ee

Time (s): cpu = 00:00:00.03 ; elapsed = 00:00:00.01 . Memory (MB): peak = 2673.492 ; gain = 0.000 ; free physical = 7082 ; free virtual = 12537
INFO: [Opt 31-389] Phase Constant propagation created 0 cells and removed 1 cells

Phase 3 Sweep
Phase 3 Sweep | Checksum: 22f804730

Time (s): cpu = 00:00:00.06 ; elapsed = 00:00:00.02 . Memory (MB): peak = 2673.492 ; gain = 0.000 ; free physical = 7082 ; free virtual = 12537
INFO: [Opt 31-389] Phase Sweep created 0 cells and removed 1 cells

Phase 4 BUFG optimization
Phase 4 BUFG optimization | Checksum: 22f804730

Time (s): cpu = 00:00:00.06 ; elapsed = 00:00:00.02 . Memory (MB): peak = 2673.492 ; gain = 0.000 ; free physical = 7082 ; free virtual = 12537
INFO: [Opt 31-662] Phase BUFG optimization created 0 cells of which 0 are BUFGs and removed 0 cells.

Phase 5 Shift Register Optimization
INFO: [Opt 31-1064] SRL Remap converted 0 SRLs to 0 registers and converted 0 registers of register chains to 0 SRLs
Phase 5 Shift Register Optimization | Checksum: 22f804730

Time (s): cpu = 00:00:00.06 ; elapsed = 00:00:00.02 . Memory (MB): peak = 2673.492 ; gain = 0.000 ; free physical = 7082 ; free virtual = 12537
INFO: [Opt 31-389] Phase Shift Register Optimization created 0 cells and removed 0 cells

Phase 6 Post Processing Netlist
Phase 6 Post Processing Netlist | Checksum: 22f804730

Time (s): cpu = 00:00:00.09 ; elapsed = 00:00:00.02 . Memory (MB): peak = 2673.492 ; gain = 0.000 ; free physical = 7082 ; free virtual = 12537
INFO: [Opt 31-389] Phase Post Processing Netlist created 0 cells and removed 0 cells
Opt_design Change Summary
=========================


-------------------------------------------------------------------------------------------------------------------------
|  Phase                        |  #Cells created  |  #Cells Removed  |  #Constrained objects preventing optimizations  |
-------------------------------------------------------------------------------------------------------------------------
|  Retarget                     |               7  |               7  |                                              1  |
|  Constant propagation         |               0  |               1  |                                              0  |
|  Sweep                        |               0  |               1  |                                              0  |
|  BUFG optimization            |               0  |               0  |                                              0  |
|  Shift Register Optimization  |               0  |               0  |                                              0  |
|  Post Processing Netlist      |               0  |               0  |                                              0  |
-------------------------------------------------------------------------------------------------------------------------



Starting Connectivity Check Task

Time (s): cpu = 00:00:00 ; elapsed = 00:00:00 . Memory (MB): peak = 2673.492 ; gain = 0.000 ; free physical = 7082 ; free virtual = 12537
Ending Logic Optimization Task | Checksum: 228f13b51

Time (s): cpu = 00:00:00.12 ; elapsed = 00:00:00.02 . Memory (MB): peak = 2673.492 ; gain = 0.000 ; free physical = 7082 ; free virtual = 12537

Starting Power Optimization Task
INFO: [Pwropt 34-132] Skipping clock gating for clocks with a period < 2.00 ns.
Ending Power Optimization Task | Checksum: 228f13b51

Time (s): cpu = 00:00:00.07 ; elapsed = 00:00:00.02 . Memory (MB): peak = 2673.492 ; gain = 0.000 ; free physical = 7082 ; free virtual = 12537

Starting Final Cleanup Task
Ending Final Cleanup Task | Checksum: 228f13b51

Time (s): cpu = 00:00:00 ; elapsed = 00:00:00 . Memory (MB): peak = 2673.492 ; gain = 0.000 ; free physical = 7082 ; free virtual = 12537

Starting Netlist Obfuscation Task
Netlist sorting complete. Time (s): cpu = 00:00:00 ; elapsed = 00:00:00 . Memory (MB): peak = 2673.492 ; gain = 0.000 ; free physical = 7082 ; free virtual = 12537
Ending Netlist Obfuscation Task | Checksum: 228f13b51

Time (s): cpu = 00:00:00 ; elapsed = 00:00:00 . Memory (MB): peak = 2673.492 ; gain = 0.000 ; free physical = 7082 ; free virtual = 12537
INFO: [Common 17-83] Releasing license: Implementation
42 Infos, 0 Warnings, 0 Critical Warnings and 0 Errors encountered.
opt_design completed successfully
INFO: [Timing 38-35] Done setting XDC timing constraints.
INFO: [Timing 38-480] Writing timing data to binary archive.
Writing placer database...
Writing XDEF routing.
Writing XDEF routing logical nets.
Writing XDEF routing special nets.
Write XDEF Complete: Time (s): cpu = 00:00:00.02 ; elapsed = 00:00:00.01 . Memory (MB): peak = 2681.496 ; gain = 0.000 ; free physical = 7080 ; free virtual = 12536
INFO: [Common 17-1381] The checkpoint '/home/student/HDL/Projekty/G5_N/project_licznik/project_licznik.runs/impl_1/design_1_wrapper_opt.dcp' has been generated.
INFO: [runtcl-4] Executing : report_drc -file design_1_wrapper_drc_opted.rpt -pb design_1_wrapper_drc_opted.pb -rpx design_1_wrapper_drc_opted.rpx
Command: report_drc -file design_1_wrapper_drc_opted.rpt -pb design_1_wrapper_drc_opted.pb -rpx design_1_wrapper_drc_opted.rpx
INFO: [IP_Flow 19-1839] IP Catalog is up to date.
INFO: [DRC 23-27] Running DRC with 8 threads
INFO: [Coretcl 2-168] The results of DRC are in file /home/student/HDL/Projekty/G5_N/project_licznik/project_licznik.runs/impl_1/design_1_wrapper_drc_opted.rpt.
report_drc completed successfully
Command: place_design
Attempting to get a license for feature 'Implementation' and/or device 'xc7z020'
INFO: [Common 17-349] Got license for feature 'Implementation' and/or device 'xc7z020'
INFO: [DRC 23-27] Running DRC with 8 threads
INFO: [Vivado_Tcl 4-198] DRC finished with 0 Errors
INFO: [Vivado_Tcl 4-199] Please refer to the DRC report (report_drc) for more information.
Running DRC as a precondition to command place_design
INFO: [DRC 23-27] Running DRC with 8 threads
INFO: [Vivado_Tcl 4-198] DRC finished with 0 Errors
INFO: [Vivado_Tcl 4-199] Please refer to the DRC report (report_drc) for more information.

Starting Placer Task
INFO: [Place 30-611] Multithreading enabled for place_design using a maximum of 8 CPUs

Phase 1 Placer Initialization

Phase 1.1 Placer Initialization Netlist Sorting
Netlist sorting complete. Time (s): cpu = 00:00:00 ; elapsed = 00:00:00 . Memory (MB): peak = 2812.898 ; gain = 0.000 ; free physical = 7053 ; free virtual = 12509
Phase 1.1 Placer Initialization Netlist Sorting | Checksum: 1d34f5430

Time (s): cpu = 00:00:00 ; elapsed = 00:00:00.01 . Memory (MB): peak = 2812.898 ; gain = 0.000 ; free physical = 7053 ; free virtual = 12509
Netlist sorting complete. Time (s): cpu = 00:00:00 ; elapsed = 00:00:00 . Memory (MB): peak = 2812.898 ; gain = 0.000 ; free physical = 7053 ; free virtual = 12509

Phase 1.2 IO Placement/ Clock Placement/ Build Placer Device
Phase 1.2 IO Placement/ Clock Placement/ Build Placer Device | Checksum: feaad449

Time (s): cpu = 00:00:00.20 ; elapsed = 00:00:00.09 . Memory (MB): peak = 2812.898 ; gain = 0.000 ; free physical = 7039 ; free virtual = 12495

Phase 1.3 Build Placer Netlist Model
Phase 1.3 Build Placer Netlist Model | Checksum: 1612afd9a

Time (s): cpu = 00:00:00.39 ; elapsed = 00:00:00.12 . Memory (MB): peak = 2812.898 ; gain = 0.000 ; free physical = 7049 ; free virtual = 12505

Phase 1.4 Constrain Clocks/Macros
Phase 1.4 Constrain Clocks/Macros | Checksum: 1612afd9a

Time (s): cpu = 00:00:00.39 ; elapsed = 00:00:00.12 . Memory (MB): peak = 2812.898 ; gain = 0.000 ; free physical = 7049 ; free virtual = 12505
Phase 1 Placer Initialization | Checksum: 1612afd9a

Time (s): cpu = 00:00:00.40 ; elapsed = 00:00:00.13 . Memory (MB): peak = 2812.898 ; gain = 0.000 ; free physical = 7049 ; free virtual = 12505

Phase 2 Global Placement

Phase 2.1 Floorplanning
Phase 2.1 Floorplanning | Checksum: 1690e601c

Time (s): cpu = 00:00:00.50 ; elapsed = 00:00:00.14 . Memory (MB): peak = 2812.898 ; gain = 0.000 ; free physical = 7029 ; free virtual = 12485

Phase 2.2 Global Placement Core

Phase 2.2.1 Physical Synthesis In Placer
INFO: [Physopt 32-1035] Found 0 LUTNM shape to break, 6 LUT instances to create LUTNM shape
INFO: [Physopt 32-1044] Break lutnm for timing: one critical 0, two critical 0, total 0, new lutff created 0
INFO: [Physopt 32-775] End 1 Pass. Optimized 3 nets or cells. Created 0 new cell, deleted 3 existing cells and moved 0 existing cell
INFO: [Physopt 32-65] No nets found for high-fanout optimization.
INFO: [Physopt 32-232] Optimized 0 net. Created 0 new instance.
INFO: [Physopt 32-775] End 1 Pass. Optimized 0 net or cell. Created 0 new cell, deleted 0 existing cell and moved 0 existing cell
INFO: [Physopt 32-670] No setup violation found.  DSP Register Optimization was not performed.
INFO: [Physopt 32-670] No setup violation found.  Shift Register to Pipeline Optimization was not performed.
INFO: [Physopt 32-670] No setup violation found.  Shift Register Optimization was not performed.
INFO: [Physopt 32-670] No setup violation found.  BRAM Register Optimization was not performed.
INFO: [Physopt 32-670] No setup violation found.  URAM Register Optimization was not performed.
INFO: [Physopt 32-949] No candidate nets found for HD net replication
INFO: [Physopt 32-775] End 1 Pass. Optimized 0 net or cell. Created 0 new cell, deleted 0 existing cell and moved 0 existing cell
Netlist sorting complete. Time (s): cpu = 00:00:00 ; elapsed = 00:00:00 . Memory (MB): peak = 2812.898 ; gain = 0.000 ; free physical = 7045 ; free virtual = 12501

Summary of Physical Synthesis Optimizations
============================================


-----------------------------------------------------------------------------------------------------------------------------------------------------------
|  Optimization                                     |  Added Cells  |  Removed Cells  |  Optimized Cells/Nets  |  Dont Touch  |  Iterations  |  Elapsed   |
-----------------------------------------------------------------------------------------------------------------------------------------------------------
|  LUT Combining                                    |            0  |              3  |                     3  |           0  |           1  |  00:00:00  |
|  Very High Fanout                                 |            0  |              0  |                     0  |           0  |           1  |  00:00:00  |
|  DSP Register                                     |            0  |              0  |                     0  |           0  |           0  |  00:00:00  |
|  Shift Register to Pipeline                       |            0  |              0  |                     0  |           0  |           0  |  00:00:00  |
|  Shift Register                                   |            0  |              0  |                     0  |           0  |           0  |  00:00:00  |
|  BRAM Register                                    |            0  |              0  |                     0  |           0  |           0  |  00:00:00  |
|  URAM Register                                    |            0  |              0  |                     0  |           0  |           0  |  00:00:00  |
|  Dynamic/Static Region Interface Net Replication  |            0  |              0  |                     0  |           0  |           1  |  00:00:00  |
|  Total                                            |            0  |              3  |                     3  |           0  |           3  |  00:00:00  |
-----------------------------------------------------------------------------------------------------------------------------------------------------------


Phase 2.2.1 Physical Synthesis In Placer | Checksum: 25e315fae

Time (s): cpu = 00:00:02 ; elapsed = 00:00:00.58 . Memory (MB): peak = 2812.898 ; gain = 0.000 ; free physical = 7045 ; free virtual = 12501
Phase 2.2 Global Placement Core | Checksum: 1ed1d72f1

Time (s): cpu = 00:00:02 ; elapsed = 00:00:00.60 . Memory (MB): peak = 2812.898 ; gain = 0.000 ; free physical = 7045 ; free virtual = 12501
Phase 2 Global Placement | Checksum: 1ed1d72f1

Time (s): cpu = 00:00:02 ; elapsed = 00:00:00.60 . Memory (MB): peak = 2812.898 ; gain = 0.000 ; free physical = 7045 ; free virtual = 12501

Phase 3 Detail Placement

Phase 3.1 Commit Multi Column Macros
Phase 3.1 Commit Multi Column Macros | Checksum: 1cc238544

Time (s): cpu = 00:00:02 ; elapsed = 00:00:00.60 . Memory (MB): peak = 2812.898 ; gain = 0.000 ; free physical = 7045 ; free virtual = 12500

Phase 3.2 Commit Most Macros & LUTRAMs
Phase 3.2 Commit Most Macros & LUTRAMs | Checksum: 1d42a6ad1

Time (s): cpu = 00:00:02 ; elapsed = 00:00:00.62 . Memory (MB): peak = 2812.898 ; gain = 0.000 ; free physical = 7044 ; free virtual = 12500

Phase 3.3 Area Swap Optimization
Phase 3.3 Area Swap Optimization | Checksum: 1e2fbde30

Time (s): cpu = 00:00:02 ; elapsed = 00:00:00.63 . Memory (MB): peak = 2812.898 ; gain = 0.000 ; free physical = 7044 ; free virtual = 12500

Phase 3.4 Pipeline Register Optimization
Phase 3.4 Pipeline Register Optimization | Checksum: 1510f15d3

Time (s): cpu = 00:00:02 ; elapsed = 00:00:00.63 . Memory (MB): peak = 2812.898 ; gain = 0.000 ; free physical = 7044 ; free virtual = 12500

Phase 3.5 Small Shape Detail Placement
Phase 3.5 Small Shape Detail Placement | Checksum: 297337549

Time (s): cpu = 00:00:02 ; elapsed = 00:00:00.74 . Memory (MB): peak = 2812.898 ; gain = 0.000 ; free physical = 7037 ; free virtual = 12492

Phase 3.6 Re-assign LUT pins
Phase 3.6 Re-assign LUT pins | Checksum: 1d7337c6d

Time (s): cpu = 00:00:02 ; elapsed = 00:00:00.75 . Memory (MB): peak = 2812.898 ; gain = 0.000 ; free physical = 7037 ; free virtual = 12492

Phase 3.7 Pipeline Register Optimization
Phase 3.7 Pipeline Register Optimization | Checksum: 16140351a

Time (s): cpu = 00:00:02 ; elapsed = 00:00:00.75 . Memory (MB): peak = 2812.898 ; gain = 0.000 ; free physical = 7037 ; free virtual = 12492
Phase 3 Detail Placement | Checksum: 16140351a

Time (s): cpu = 00:00:02 ; elapsed = 00:00:00.75 . Memory (MB): peak = 2812.898 ; gain = 0.000 ; free physical = 7037 ; free virtual = 12492

Phase 4 Post Placement Optimization and Clean-Up

Phase 4.1 Post Commit Optimization
INFO: [Timing 38-35] Done setting XDC timing constraints.

Phase 4.1.1 Post Placement Optimization
Post Placement Optimization Initialization | Checksum: 150f94296

Phase 4.1.1.1 BUFG Insertion

Starting Physical Synthesis Task

Phase 1 Physical Synthesis Initialization
INFO: [Physopt 32-721] Multithreading enabled for phys_opt_design using a maximum of 8 CPUs
INFO: [Physopt 32-619] Estimated Timing Summary | WNS=15.566 | TNS=0.000 |
Phase 1 Physical Synthesis Initialization | Checksum: 179012b47

Time (s): cpu = 00:00:00.06 ; elapsed = 00:00:00.01 . Memory (MB): peak = 2812.898 ; gain = 0.000 ; free physical = 7037 ; free virtual = 12492
INFO: [Place 46-56] BUFG insertion identified 0 candidate nets. Inserted BUFG: 0, Replicated BUFG Driver: 0, Skipped due to Placement/Routing Conflicts: 0, Skipped due to Timing Degradation: 0, Skipped due to Illegal Netlist: 0.
Ending Physical Synthesis Task | Checksum: 11ffaba5b

Time (s): cpu = 00:00:00.07 ; elapsed = 00:00:00.01 . Memory (MB): peak = 2812.898 ; gain = 0.000 ; free physical = 7037 ; free virtual = 12492
Phase 4.1.1.1 BUFG Insertion | Checksum: 150f94296

Time (s): cpu = 00:00:03 ; elapsed = 00:00:00.80 . Memory (MB): peak = 2812.898 ; gain = 0.000 ; free physical = 7037 ; free virtual = 12492
INFO: [Place 30-746] Post Placement Timing Summary WNS=15.566. For the most accurate timing information please run report_timing.
Phase 4.1.1 Post Placement Optimization | Checksum: 10adf2466

Time (s): cpu = 00:00:03 ; elapsed = 00:00:00.80 . Memory (MB): peak = 2812.898 ; gain = 0.000 ; free physical = 7037 ; free virtual = 12492
Phase 4.1 Post Commit Optimization | Checksum: 10adf2466

Time (s): cpu = 00:00:03 ; elapsed = 00:00:00.80 . Memory (MB): peak = 2812.898 ; gain = 0.000 ; free physical = 7037 ; free virtual = 12492

Phase 4.2 Post Placement Cleanup
Phase 4.2 Post Placement Cleanup | Checksum: 10adf2466

Time (s): cpu = 00:00:03 ; elapsed = 00:00:00.81 . Memory (MB): peak = 2812.898 ; gain = 0.000 ; free physical = 7038 ; free virtual = 12494

Phase 4.3 Placer Reporting
Phase 4.3 Placer Reporting | Checksum: 10adf2466

Time (s): cpu = 00:00:03 ; elapsed = 00:00:00.81 . Memory (MB): peak = 2812.898 ; gain = 0.000 ; free physical = 7038 ; free virtual = 12494

Phase 4.4 Final Placement Cleanup
Netlist sorting complete. Time (s): cpu = 00:00:00 ; elapsed = 00:00:00 . Memory (MB): peak = 2812.898 ; gain = 0.000 ; free physical = 7038 ; free virtual = 12494
Phase 4.4 Final Placement Cleanup | Checksum: 10e45b7c8

Time (s): cpu = 00:00:03 ; elapsed = 00:00:00.81 . Memory (MB): peak = 2812.898 ; gain = 0.000 ; free physical = 7038 ; free virtual = 12494
Phase 4 Post Placement Optimization and Clean-Up | Checksum: 10e45b7c8

Time (s): cpu = 00:00:03 ; elapsed = 00:00:00.81 . Memory (MB): peak = 2812.898 ; gain = 0.000 ; free physical = 7038 ; free virtual = 12494
Ending Placer Task | Checksum: cdbf669c

Time (s): cpu = 00:00:03 ; elapsed = 00:00:00.81 . Memory (MB): peak = 2812.898 ; gain = 0.000 ; free physical = 7038 ; free virtual = 12494
INFO: [Common 17-83] Releasing license: Implementation
76 Infos, 0 Warnings, 0 Critical Warnings and 0 Errors encountered.
place_design completed successfully
INFO: [Timing 38-480] Writing timing data to binary archive.
Writing placer database...
Writing XDEF routing.
Writing XDEF routing logical nets.
Writing XDEF routing special nets.
Write XDEF Complete: Time (s): cpu = 00:00:00.03 ; elapsed = 00:00:00.01 . Memory (MB): peak = 2812.898 ; gain = 0.000 ; free physical = 7052 ; free virtual = 12509
INFO: [Common 17-1381] The checkpoint '/home/student/HDL/Projekty/G5_N/project_licznik/project_licznik.runs/impl_1/design_1_wrapper_placed.dcp' has been generated.
INFO: [runtcl-4] Executing : report_io -file design_1_wrapper_io_placed.rpt
report_io: Time (s): cpu = 00:00:00.07 ; elapsed = 00:00:00.10 . Memory (MB): peak = 2812.898 ; gain = 0.000 ; free physical = 7045 ; free virtual = 12501
INFO: [runtcl-4] Executing : report_utilization -file design_1_wrapper_utilization_placed.rpt -pb design_1_wrapper_utilization_placed.pb
INFO: [runtcl-4] Executing : report_control_sets -verbose -file design_1_wrapper_control_sets_placed.rpt
report_control_sets: Time (s): cpu = 00:00:00.02 ; elapsed = 00:00:00.04 . Memory (MB): peak = 2812.898 ; gain = 0.000 ; free physical = 7053 ; free virtual = 12509
Command: phys_opt_design
Attempting to get a license for feature 'Implementation' and/or device 'xc7z020'
INFO: [Common 17-349] Got license for feature 'Implementation' and/or device 'xc7z020'
INFO: [Vivado_Tcl 4-383] Design worst setup slack (WNS) is greater than or equal to 0.000 ns. Skipping all physical synthesis optimizations.
INFO: [Vivado_Tcl 4-232] No setup violation found. The netlist was not modified.
INFO: [Common 17-83] Releasing license: Implementation
85 Infos, 0 Warnings, 0 Critical Warnings and 0 Errors encountered.
phys_opt_design completed successfully
INFO: [Timing 38-480] Writing timing data to binary archive.
Writing placer database...
Writing XDEF routing.
Writing XDEF routing logical nets.
Writing XDEF routing special nets.
Write XDEF Complete: Time (s): cpu = 00:00:00.03 ; elapsed = 00:00:00.01 . Memory (MB): peak = 2812.898 ; gain = 0.000 ; free physical = 7031 ; free virtual = 12489
INFO: [Common 17-1381] The checkpoint '/home/student/HDL/Projekty/G5_N/project_licznik/project_licznik.runs/impl_1/design_1_wrapper_physopt.dcp' has been generated.
Command: route_design
Attempting to get a license for feature 'Implementation' and/or device 'xc7z020'
INFO: [Common 17-349] Got license for feature 'Implementation' and/or device 'xc7z020'
Running DRC as a precondition to command route_design
INFO: [DRC 23-27] Running DRC with 8 threads
INFO: [Vivado_Tcl 4-198] DRC finished with 0 Errors
INFO: [Vivado_Tcl 4-199] Please refer to the DRC report (report_drc) for more information.


Starting Routing Task
INFO: [Route 35-254] Multithreading enabled for route_design using a maximum of 8 CPUs
Checksum: PlaceDB: 2d99fe70 ConstDB: 0 ShapeSum: a025682c RouteDB: 0

Phase 1 Build RT Design
Phase 1 Build RT Design | Checksum: 1e8e3a839

Time (s): cpu = 00:00:07 ; elapsed = 00:00:06 . Memory (MB): peak = 2847.457 ; gain = 16.008 ; free physical = 6888 ; free virtual = 12344
Post Restoration Checksum: NetGraph: ebc4ae0c NumContArr: fd1efa2d Constraints: 0 Timing: 0

Phase 2 Router Initialization

Phase 2.1 Create Timer
Phase 2.1 Create Timer | Checksum: 1e8e3a839

Time (s): cpu = 00:00:07 ; elapsed = 00:00:06 . Memory (MB): peak = 2847.457 ; gain = 16.008 ; free physical = 6889 ; free virtual = 12345

Phase 2.2 Fix Topology Constraints
Phase 2.2 Fix Topology Constraints | Checksum: 1e8e3a839

Time (s): cpu = 00:00:07 ; elapsed = 00:00:06 . Memory (MB): peak = 2847.457 ; gain = 16.008 ; free physical = 6854 ; free virtual = 12311

Phase 2.3 Pre Route Cleanup
Phase 2.3 Pre Route Cleanup | Checksum: 1e8e3a839

Time (s): cpu = 00:00:07 ; elapsed = 00:00:06 . Memory (MB): peak = 2847.457 ; gain = 16.008 ; free physical = 6854 ; free virtual = 12311
 Number of Nodes with overlaps = 0

Phase 2.4 Update Timing
Phase 2.4 Update Timing | Checksum: 1ad8f3c54

Time (s): cpu = 00:00:08 ; elapsed = 00:00:06 . Memory (MB): peak = 2869.512 ; gain = 38.062 ; free physical = 6843 ; free virtual = 12300
INFO: [Route 35-416] Intermediate Timing Summary | WNS=15.477 | TNS=0.000  | WHS=-0.072 | THS=-0.781 |

Phase 2 Router Initialization | Checksum: 209f6e4db

Time (s): cpu = 00:00:08 ; elapsed = 00:00:06 . Memory (MB): peak = 2869.512 ; gain = 38.062 ; free physical = 6843 ; free virtual = 12300

Router Utilization Summary
  Global Vertical Routing Utilization    = 5.17759e-05 %
  Global Horizontal Routing Utilization  = 0.000169033 %
  Routable Net Status*
  *Does not include unroutable nets such as driverless and loadless.
  Run report_route_status for detailed report.
  Number of Failed Nets               = 122
    (Failed Nets is the sum of unrouted and partially routed nets)
  Number of Unrouted Nets             = 121
  Number of Partially Routed Nets     = 1
  Number of Node Overlaps             = 0


Phase 3 Initial Routing
Phase 3 Initial Routing | Checksum: 1a7658c1e

Time (s): cpu = 00:00:08 ; elapsed = 00:00:06 . Memory (MB): peak = 2870.516 ; gain = 39.066 ; free physical = 6846 ; free virtual = 12302

Phase 4 Rip-up And Reroute

Phase 4.1 Global Iteration 0
 Number of Nodes with overlaps = 6
 Number of Nodes with overlaps = 0
INFO: [Route 35-416] Intermediate Timing Summary | WNS=14.927 | TNS=0.000  | WHS=N/A    | THS=N/A    |

Phase 4.1 Global Iteration 0 | Checksum: 141ecf0cd

Time (s): cpu = 00:00:08 ; elapsed = 00:00:07 . Memory (MB): peak = 2870.516 ; gain = 39.066 ; free physical = 6846 ; free virtual = 12302
Phase 4 Rip-up And Reroute | Checksum: 141ecf0cd

Time (s): cpu = 00:00:08 ; elapsed = 00:00:07 . Memory (MB): peak = 2870.516 ; gain = 39.066 ; free physical = 6846 ; free virtual = 12302

Phase 5 Delay and Skew Optimization

Phase 5.1 Delay CleanUp
Phase 5.1 Delay CleanUp | Checksum: 141ecf0cd

Time (s): cpu = 00:00:08 ; elapsed = 00:00:07 . Memory (MB): peak = 2870.516 ; gain = 39.066 ; free physical = 6846 ; free virtual = 12302

Phase 5.2 Clock Skew Optimization
Phase 5.2 Clock Skew Optimization | Checksum: 141ecf0cd

Time (s): cpu = 00:00:08 ; elapsed = 00:00:07 . Memory (MB): peak = 2870.516 ; gain = 39.066 ; free physical = 6846 ; free virtual = 12302
Phase 5 Delay and Skew Optimization | Checksum: 141ecf0cd

Time (s): cpu = 00:00:08 ; elapsed = 00:00:07 . Memory (MB): peak = 2870.516 ; gain = 39.066 ; free physical = 6846 ; free virtual = 12302

Phase 6 Post Hold Fix

Phase 6.1 Hold Fix Iter

Phase 6.1.1 Update Timing
Phase 6.1.1 Update Timing | Checksum: da898073

Time (s): cpu = 00:00:08 ; elapsed = 00:00:07 . Memory (MB): peak = 2870.516 ; gain = 39.066 ; free physical = 6846 ; free virtual = 12302
INFO: [Route 35-416] Intermediate Timing Summary | WNS=15.099 | TNS=0.000  | WHS=0.237  | THS=0.000  |

Phase 6.1 Hold Fix Iter | Checksum: da898073

Time (s): cpu = 00:00:08 ; elapsed = 00:00:07 . Memory (MB): peak = 2870.516 ; gain = 39.066 ; free physical = 6846 ; free virtual = 12302
Phase 6 Post Hold Fix | Checksum: da898073

Time (s): cpu = 00:00:08 ; elapsed = 00:00:07 . Memory (MB): peak = 2870.516 ; gain = 39.066 ; free physical = 6846 ; free virtual = 12302

Phase 7 Route finalize

Router Utilization Summary
  Global Vertical Routing Utilization    = 0.0137724 %
  Global Horizontal Routing Utilization  = 0.00887424 %
  Routable Net Status*
  *Does not include unroutable nets such as driverless and loadless.
  Run report_route_status for detailed report.
  Number of Failed Nets               = 0
    (Failed Nets is the sum of unrouted and partially routed nets)
  Number of Unrouted Nets             = 0
  Number of Partially Routed Nets     = 0
  Number of Node Overlaps             = 0

Phase 7 Route finalize | Checksum: 9d31257b

Time (s): cpu = 00:00:08 ; elapsed = 00:00:07 . Memory (MB): peak = 2870.516 ; gain = 39.066 ; free physical = 6846 ; free virtual = 12302

Phase 8 Verifying routed nets

 Verification completed successfully
Phase 8 Verifying routed nets | Checksum: 9d31257b

Time (s): cpu = 00:00:08 ; elapsed = 00:00:07 . Memory (MB): peak = 2870.516 ; gain = 39.066 ; free physical = 6845 ; free virtual = 12301

Phase 9 Depositing Routes
Phase 9 Depositing Routes | Checksum: 149b87869

Time (s): cpu = 00:00:08 ; elapsed = 00:00:07 . Memory (MB): peak = 2870.516 ; gain = 39.066 ; free physical = 6845 ; free virtual = 12301

Phase 10 Post Router Timing
INFO: [Route 35-57] Estimated Timing Summary | WNS=15.099 | TNS=0.000  | WHS=0.237  | THS=0.000  |

INFO: [Route 35-327] The final timing numbers are based on the router estimated timing analysis. For a complete and accurate timing signoff, please run report_timing_summary.
Phase 10 Post Router Timing | Checksum: 149b87869

Time (s): cpu = 00:00:08 ; elapsed = 00:00:07 . Memory (MB): peak = 2870.516 ; gain = 39.066 ; free physical = 6845 ; free virtual = 12301
INFO: [Route 35-16] Router Completed Successfully

Time (s): cpu = 00:00:08 ; elapsed = 00:00:07 . Memory (MB): peak = 2870.516 ; gain = 39.066 ; free physical = 6883 ; free virtual = 12339

Routing Is Done.
INFO: [Common 17-83] Releasing license: Implementation
99 Infos, 0 Warnings, 0 Critical Warnings and 0 Errors encountered.
route_design completed successfully
route_design: Time (s): cpu = 00:00:09 ; elapsed = 00:00:08 . Memory (MB): peak = 2870.516 ; gain = 57.617 ; free physical = 6883 ; free virtual = 12339
INFO: [Timing 38-480] Writing timing data to binary archive.
Writing placer database...
Writing XDEF routing.
Writing XDEF routing logical nets.
Writing XDEF routing special nets.
Write XDEF Complete: Time (s): cpu = 00:00:00.03 ; elapsed = 00:00:00.01 . Memory (MB): peak = 2878.520 ; gain = 0.000 ; free physical = 6881 ; free virtual = 12338
INFO: [Common 17-1381] The checkpoint '/home/student/HDL/Projekty/G5_N/project_licznik/project_licznik.runs/impl_1/design_1_wrapper_routed.dcp' has been generated.
INFO: [runtcl-4] Executing : report_drc -file design_1_wrapper_drc_routed.rpt -pb design_1_wrapper_drc_routed.pb -rpx design_1_wrapper_drc_routed.rpx
Command: report_drc -file design_1_wrapper_drc_routed.rpt -pb design_1_wrapper_drc_routed.pb -rpx design_1_wrapper_drc_routed.rpx
INFO: [IP_Flow 19-1839] IP Catalog is up to date.
INFO: [DRC 23-27] Running DRC with 8 threads
INFO: [Coretcl 2-168] The results of DRC are in file /home/student/HDL/Projekty/G5_N/project_licznik/project_licznik.runs/impl_1/design_1_wrapper_drc_routed.rpt.
report_drc completed successfully
INFO: [runtcl-4] Executing : report_methodology -file design_1_wrapper_methodology_drc_routed.rpt -pb design_1_wrapper_methodology_drc_routed.pb -rpx design_1_wrapper_methodology_drc_routed.rpx
Command: report_methodology -file design_1_wrapper_methodology_drc_routed.rpt -pb design_1_wrapper_methodology_drc_routed.pb -rpx design_1_wrapper_methodology_drc_routed.rpx
INFO: [Timing 38-35] Done setting XDC timing constraints.
INFO: [DRC 23-133] Running Methodology with 8 threads
INFO: [Coretcl 2-1520] The results of Report Methodology are in file /home/student/HDL/Projekty/G5_N/project_licznik/project_licznik.runs/impl_1/design_1_wrapper_methodology_drc_routed.rpt.
report_methodology completed successfully
INFO: [runtcl-4] Executing : report_power -file design_1_wrapper_power_routed.rpt -pb design_1_wrapper_power_summary_routed.pb -rpx design_1_wrapper_power_routed.rpx
Command: report_power -file design_1_wrapper_power_routed.rpt -pb design_1_wrapper_power_summary_routed.pb -rpx design_1_wrapper_power_routed.rpx
INFO: [Timing 38-35] Done setting XDC timing constraints.
Running Vector-less Activity Propagation...

Finished Running Vector-less Activity Propagation
111 Infos, 0 Warnings, 0 Critical Warnings and 0 Errors encountered.
report_power completed successfully
INFO: [runtcl-4] Executing : report_route_status -file design_1_wrapper_route_status.rpt -pb design_1_wrapper_route_status.pb
INFO: [runtcl-4] Executing : report_timing_summary -max_paths 10 -file design_1_wrapper_timing_summary_routed.rpt -pb design_1_wrapper_timing_summary_routed.pb -rpx design_1_wrapper_timing_summary_routed.rpx -warn_on_violation 
INFO: [Timing 38-91] UpdateTimingParams: Speed grade: -1, Delay Type: min_max.
INFO: [Timing 38-191] Multithreading enabled for timing update using a maximum of 8 CPUs
INFO: [runtcl-4] Executing : report_incremental_reuse -file design_1_wrapper_incremental_reuse_routed.rpt
INFO: [Vivado_Tcl 4-1062] Incremental flow is disabled. No incremental reuse Info to report.
INFO: [runtcl-4] Executing : report_clock_utilization -file design_1_wrapper_clock_utilization_routed.rpt
INFO: [runtcl-4] Executing : report_bus_skew -warn_on_violation -file design_1_wrapper_bus_skew_routed.rpt -pb design_1_wrapper_bus_skew_routed.pb -rpx design_1_wrapper_bus_skew_routed.rpx
INFO: [Timing 38-91] UpdateTimingParams: Speed grade: -1, Delay Type: min_max.
INFO: [Timing 38-191] Multithreading enabled for timing update using a maximum of 8 CPUs
Command: write_bitstream -force design_1_wrapper.bit
Attempting to get a license for feature 'Implementation' and/or device 'xc7z020'
INFO: [Common 17-349] Got license for feature 'Implementation' and/or device 'xc7z020'
Running DRC as a precondition to command write_bitstream
INFO: [IP_Flow 19-1839] IP Catalog is up to date.
INFO: [DRC 23-27] Running DRC with 8 threads
WARNING: [DRC ZPS7-1] PS7 block required: The PS7 cell must be used in this Zynq design in order to enable correct default configuration.
INFO: [Vivado 12-3199] DRC finished with 0 Errors, 1 Warnings
INFO: [Vivado 12-3200] Please refer to the DRC report (report_drc) for more information.
INFO: [Designutils 20-2272] Running write_bitstream with 8 threads.
Loading data files...
Loading site data...
Loading route data...
Processing options...
Creating bitmap...
Creating bitstream...
Writing bitstream ./design_1_wrapper.bit...
INFO: [Vivado 12-1842] Bitgen Completed Successfully.
INFO: [Project 1-120] WebTalk data collection is mandatory when using a WebPACK part without a full Vivado license. To see the specific WebTalk data collected for your design, open the usage_statistics_webtalk.html or usage_statistics_webtalk.xml file in the implementation directory.
INFO: [Common 17-83] Releasing license: Implementation
130 Infos, 1 Warnings, 0 Critical Warnings and 0 Errors encountered.
write_bitstream completed successfully
write_bitstream: Time (s): cpu = 00:00:07 ; elapsed = 00:00:11 . Memory (MB): peak = 3225.055 ; gain = 177.109 ; free physical = 6867 ; free virtual = 12329
INFO: [Common 17-206] Exiting Vivado at Sat May 11 12:58:22 2024...
