
*** Running vivado
    with args -log design_1_bin_2_bcd_v2_0_0.vds -m64 -product Vivado -mode batch -messageDb vivado.pb -notrace -source design_1_bin_2_bcd_v2_0_0.tcl


****** Vivado v2020.1 (64-bit)
  **** SW Build 2902540 on Wed May 27 19:54:35 MDT 2020
  **** IP Build 2902112 on Wed May 27 22:43:36 MDT 2020
    ** Copyright 1986-2020 Xilinx, Inc. All Rights Reserved.

source design_1_bin_2_bcd_v2_0_0.tcl -notrace
INFO: [IP_Flow 19-234] Refreshing IP repositories
INFO: [IP_Flow 19-1700] Loaded user IP repository '/home/student/HDL/Projekty/G5_N/project_licznik/project_licznik.srcs/sources_1/imports/IP/SegmentsIP'.
INFO: [IP_Flow 19-1700] Loaded user IP repository '/home/student/HDL/Projekty/G5_N/project_licznik/project_licznik.srcs/sources_1/imports/IP/dzielnikIP'.
INFO: [IP_Flow 19-1700] Loaded user IP repository '/home/student/HDL/Projekty/G5_N/project_licznik/project_licznik.srcs/sources_1/imports/IP/blink'.
INFO: [IP_Flow 19-1700] Loaded user IP repository '/home/student/HDL/Projekty/G5_N/project_licznik/project_licznik.srcs/sources_1/imports/IP/Bin_2'.
INFO: [IP_Flow 19-1700] Loaded user IP repository '/home/student/HDL/Projekty/G5_N/project_licznik/project_licznik.srcs/sources_1/imports/IP/MUX_IP'.
INFO: [IP_Flow 19-1700] Loaded user IP repository '/home/student/HDL/Projekty/G5_N/project_licznik/project_licznik.srcs/sources_1/imports/IP/Licznik_IP'.
INFO: [IP_Flow 19-2313] Loaded Vivado IP repository '/tools/Xilinx/Vivado/2020.1/data/ip'.
Command: synth_design -top design_1_bin_2_bcd_v2_0_0 -part xc7z020clg400-1 -mode out_of_context
Starting synth_design
Attempting to get a license for feature 'Synthesis' and/or device 'xc7z020'
INFO: [Common 17-349] Got license for feature 'Synthesis' and/or device 'xc7z020'
INFO: [Synth 8-7079] Multithreading enabled for synth_design using a maximum of 4 processes.
INFO: [Synth 8-7078] Launching helper process for spawning children vivado processes
INFO: [Synth 8-7075] Helper process launched with PID 22339
---------------------------------------------------------------------------------
Starting Synthesize : Time (s): cpu = 00:00:03 ; elapsed = 00:00:04 . Memory (MB): peak = 2091.691 ; gain = 0.000 ; free physical = 4741 ; free virtual = 10179
---------------------------------------------------------------------------------
INFO: [Synth 8-6157] synthesizing module 'design_1_bin_2_bcd_v2_0_0' [/home/student/HDL/Projekty/G5_N/project_licznik/project_licznik.srcs/sources_1/bd/design_1/ip/design_1_bin_2_bcd_v2_0_0/synth/design_1_bin_2_bcd_v2_0_0.v:57]
INFO: [Synth 8-6157] synthesizing module 'bin_2_bcd_v2' [/home/student/HDL/Projekty/G5_N/project_licznik/project_licznik.srcs/sources_1/bd/design_1/ipshared/f27c/src/bin_2_bcd_v2.v:3]
INFO: [Synth 8-6155] done synthesizing module 'bin_2_bcd_v2' (1#1) [/home/student/HDL/Projekty/G5_N/project_licznik/project_licznik.srcs/sources_1/bd/design_1/ipshared/f27c/src/bin_2_bcd_v2.v:3]
INFO: [Synth 8-6155] done synthesizing module 'design_1_bin_2_bcd_v2_0_0' (2#1) [/home/student/HDL/Projekty/G5_N/project_licznik/project_licznik.srcs/sources_1/bd/design_1/ip/design_1_bin_2_bcd_v2_0_0/synth/design_1_bin_2_bcd_v2_0_0.v:57]
---------------------------------------------------------------------------------
Finished Synthesize : Time (s): cpu = 00:00:04 ; elapsed = 00:00:05 . Memory (MB): peak = 2091.691 ; gain = 0.000 ; free physical = 5264 ; free virtual = 10703
---------------------------------------------------------------------------------
---------------------------------------------------------------------------------
Finished Constraint Validation : Time (s): cpu = 00:00:04 ; elapsed = 00:00:05 . Memory (MB): peak = 2091.691 ; gain = 0.000 ; free physical = 5158 ; free virtual = 10596
---------------------------------------------------------------------------------
---------------------------------------------------------------------------------
Start Loading Part and Timing Information
---------------------------------------------------------------------------------
Loading part: xc7z020clg400-1
---------------------------------------------------------------------------------
Finished Loading Part and Timing Information : Time (s): cpu = 00:00:04 ; elapsed = 00:00:05 . Memory (MB): peak = 2097.719 ; gain = 6.027 ; free physical = 5158 ; free virtual = 10596
---------------------------------------------------------------------------------
INFO: [Device 21-403] Loading part xc7z020clg400-1
---------------------------------------------------------------------------------
Finished RTL Optimization Phase 2 : Time (s): cpu = 00:00:04 ; elapsed = 00:00:05 . Memory (MB): peak = 2097.719 ; gain = 6.027 ; free physical = 5303 ; free virtual = 10741
---------------------------------------------------------------------------------
No constraint files found.
---------------------------------------------------------------------------------
Start RTL Component Statistics 
---------------------------------------------------------------------------------
Detailed RTL Component Info : 
+---Adders : 
	   2 Input    4 Bit       Adders := 11    
	   2 Input    3 Bit       Adders := 1     
+---Muxes : 
	   2 Input    4 Bit        Muxes := 7     
---------------------------------------------------------------------------------
Finished RTL Component Statistics 
---------------------------------------------------------------------------------
---------------------------------------------------------------------------------
Start Part Resource Summary
---------------------------------------------------------------------------------
Part Resources:
DSPs: 220 (col length:60)
BRAMs: 280 (col length: RAMB18 60 RAMB36 30)
---------------------------------------------------------------------------------
Finished Part Resource Summary
---------------------------------------------------------------------------------
No constraint files found.
---------------------------------------------------------------------------------
Start Cross Boundary and Area Optimization
---------------------------------------------------------------------------------
---------------------------------------------------------------------------------
Finished Cross Boundary and Area Optimization : Time (s): cpu = 00:00:08 ; elapsed = 00:00:10 . Memory (MB): peak = 2097.719 ; gain = 6.027 ; free physical = 4702 ; free virtual = 10146
---------------------------------------------------------------------------------
No constraint files found.
---------------------------------------------------------------------------------
Start Timing Optimization
---------------------------------------------------------------------------------
---------------------------------------------------------------------------------
Finished Timing Optimization : Time (s): cpu = 00:00:08 ; elapsed = 00:00:11 . Memory (MB): peak = 2097.719 ; gain = 6.027 ; free physical = 4794 ; free virtual = 10242
---------------------------------------------------------------------------------
---------------------------------------------------------------------------------
Start Technology Mapping
---------------------------------------------------------------------------------
---------------------------------------------------------------------------------
Finished Technology Mapping : Time (s): cpu = 00:00:08 ; elapsed = 00:00:11 . Memory (MB): peak = 2097.719 ; gain = 6.027 ; free physical = 4764 ; free virtual = 10211
---------------------------------------------------------------------------------
---------------------------------------------------------------------------------
Start IO Insertion
---------------------------------------------------------------------------------
---------------------------------------------------------------------------------
Start Flattening Before IO Insertion
---------------------------------------------------------------------------------
---------------------------------------------------------------------------------
Finished Flattening Before IO Insertion
---------------------------------------------------------------------------------
---------------------------------------------------------------------------------
Start Final Netlist Cleanup
---------------------------------------------------------------------------------
---------------------------------------------------------------------------------
Finished Final Netlist Cleanup
---------------------------------------------------------------------------------
---------------------------------------------------------------------------------
Finished IO Insertion : Time (s): cpu = 00:00:11 ; elapsed = 00:00:13 . Memory (MB): peak = 2097.719 ; gain = 6.027 ; free physical = 4592 ; free virtual = 10037
---------------------------------------------------------------------------------
---------------------------------------------------------------------------------
Start Renaming Generated Instances
---------------------------------------------------------------------------------
---------------------------------------------------------------------------------
Finished Renaming Generated Instances : Time (s): cpu = 00:00:11 ; elapsed = 00:00:13 . Memory (MB): peak = 2097.719 ; gain = 6.027 ; free physical = 4594 ; free virtual = 10039
---------------------------------------------------------------------------------
---------------------------------------------------------------------------------
Start Rebuilding User Hierarchy
---------------------------------------------------------------------------------
---------------------------------------------------------------------------------
Finished Rebuilding User Hierarchy : Time (s): cpu = 00:00:11 ; elapsed = 00:00:13 . Memory (MB): peak = 2097.719 ; gain = 6.027 ; free physical = 4600 ; free virtual = 10045
---------------------------------------------------------------------------------
---------------------------------------------------------------------------------
Start Renaming Generated Ports
---------------------------------------------------------------------------------
---------------------------------------------------------------------------------
Finished Renaming Generated Ports : Time (s): cpu = 00:00:11 ; elapsed = 00:00:13 . Memory (MB): peak = 2097.719 ; gain = 6.027 ; free physical = 4603 ; free virtual = 10048
---------------------------------------------------------------------------------
---------------------------------------------------------------------------------
Start Handling Custom Attributes
---------------------------------------------------------------------------------
---------------------------------------------------------------------------------
Finished Handling Custom Attributes : Time (s): cpu = 00:00:11 ; elapsed = 00:00:13 . Memory (MB): peak = 2097.719 ; gain = 6.027 ; free physical = 4606 ; free virtual = 10051
---------------------------------------------------------------------------------
---------------------------------------------------------------------------------
Start Renaming Generated Nets
---------------------------------------------------------------------------------
---------------------------------------------------------------------------------
Finished Renaming Generated Nets : Time (s): cpu = 00:00:11 ; elapsed = 00:00:13 . Memory (MB): peak = 2097.719 ; gain = 6.027 ; free physical = 4609 ; free virtual = 10054
---------------------------------------------------------------------------------
---------------------------------------------------------------------------------
Start Writing Synthesis Report
---------------------------------------------------------------------------------

Report BlackBoxes: 
+-+--------------+----------+
| |BlackBox name |Instances |
+-+--------------+----------+
+-+--------------+----------+

Report Cell Usage: 
+------+-----+------+
|      |Cell |Count |
+------+-----+------+
|1     |LUT5 |     2|
|2     |LUT6 |    10|
+------+-----+------+

Report Instance Areas: 
+------+---------+-------+------+
|      |Instance |Module |Cells |
+------+---------+-------+------+
|1     |top      |       |    12|
+------+---------+-------+------+
---------------------------------------------------------------------------------
Finished Writing Synthesis Report : Time (s): cpu = 00:00:11 ; elapsed = 00:00:13 . Memory (MB): peak = 2097.719 ; gain = 6.027 ; free physical = 4613 ; free virtual = 10058
---------------------------------------------------------------------------------
Synthesis finished with 0 errors, 0 critical warnings and 0 warnings.
Synthesis Optimization Runtime : Time (s): cpu = 00:00:11 ; elapsed = 00:00:13 . Memory (MB): peak = 2097.719 ; gain = 6.027 ; free physical = 4636 ; free virtual = 10081
Synthesis Optimization Complete : Time (s): cpu = 00:00:11 ; elapsed = 00:00:13 . Memory (MB): peak = 2097.727 ; gain = 6.027 ; free physical = 4640 ; free virtual = 10085
INFO: [Project 1-571] Translating synthesized netlist
Netlist sorting complete. Time (s): cpu = 00:00:00 ; elapsed = 00:00:00 . Memory (MB): peak = 2097.727 ; gain = 0.000 ; free physical = 4696 ; free virtual = 10141
INFO: [Project 1-570] Preparing netlist for logic optimization
INFO: [Opt 31-138] Pushed 0 inverter(s) to 0 load pin(s).
Netlist sorting complete. Time (s): cpu = 00:00:00 ; elapsed = 00:00:00 . Memory (MB): peak = 2097.727 ; gain = 0.000 ; free physical = 4251 ; free virtual = 9696
INFO: [Project 1-111] Unisim Transformation Summary:
No Unisim elements were transformed.

INFO: [Common 17-83] Releasing license: Synthesis
22 Infos, 0 Warnings, 0 Critical Warnings and 0 Errors encountered.
synth_design completed successfully
synth_design: Time (s): cpu = 00:00:15 ; elapsed = 00:00:15 . Memory (MB): peak = 2097.727 ; gain = 6.035 ; free physical = 4312 ; free virtual = 9757
INFO: [Timing 38-35] Done setting XDC timing constraints.
INFO: [Common 17-1381] The checkpoint '/home/student/HDL/Projekty/G5_N/project_licznik/project_licznik.runs/design_1_bin_2_bcd_v2_0_0_synth_1/design_1_bin_2_bcd_v2_0_0.dcp' has been generated.
write_checkpoint: Time (s): cpu = 00:00:06 ; elapsed = 00:00:07 . Memory (MB): peak = 2462.734 ; gain = 365.008 ; free physical = 7903 ; free virtual = 13343
WARNING: [Common 17-576] 'use_project_ipc' is deprecated. This option is deprecated and no longer used.
INFO: [Coretcl 2-1648] Added synthesis output to IP cache for IP design_1_bin_2_bcd_v2_0_0, cache-ID = 06bf40003e71b0bd
WARNING: [Constraints 18-5210] No constraints selected for write.
Resolution: This message can indicate that there are no constraints for the design, or it can indicate that the used_in flags are set such that the constraints are ignored. This later case is used when running synth_design to not write synthesis constraints to the resulting checkpoint. Instead, project constraints are read when the synthesized design is opened.
INFO: [Common 17-1381] The checkpoint '/home/student/HDL/Projekty/G5_N/project_licznik/project_licznik.runs/design_1_bin_2_bcd_v2_0_0_synth_1/design_1_bin_2_bcd_v2_0_0.dcp' has been generated.
INFO: [runtcl-4] Executing : report_utilization -file design_1_bin_2_bcd_v2_0_0_utilization_synth.rpt -pb design_1_bin_2_bcd_v2_0_0_utilization_synth.pb
INFO: [Common 17-206] Exiting Vivado at Sat May 11 12:48:38 2024...
