
*** Running vivado
    with args -log design_1_SERIAL_CLOCK_0_0.vds -m64 -product Vivado -mode batch -messageDb vivado.pb -notrace -source design_1_SERIAL_CLOCK_0_0.tcl


****** Vivado v2020.1 (64-bit)
  **** SW Build 2902540 on Wed May 27 19:54:35 MDT 2020
  **** IP Build 2902112 on Wed May 27 22:43:36 MDT 2020
    ** Copyright 1986-2020 Xilinx, Inc. All Rights Reserved.

source design_1_SERIAL_CLOCK_0_0.tcl -notrace
INFO: [IP_Flow 19-234] Refreshing IP repositories
INFO: [IP_Flow 19-1700] Loaded user IP repository '/home/student/HDL/Projekty/G5_N/kalkulator/kalkulatorG5_N/kalkulatorG5_N.srcs/sources_1/imports/IP/bin2bcd_IP'.
INFO: [IP_Flow 19-1700] Loaded user IP repository '/home/student/HDL/DSW/Projekty/01_02 Kalkulator z wykorzystaniem PMOD CLS oraz PMOD KYPD/IP_Core'.
INFO: [IP_Flow 19-2313] Loaded Vivado IP repository '/tools/Xilinx/Vivado/2020.1/data/ip'.
Command: synth_design -top design_1_SERIAL_CLOCK_0_0 -part xc7z020clg400-1 -mode out_of_context
Starting synth_design
Attempting to get a license for feature 'Synthesis' and/or device 'xc7z020'
INFO: [Common 17-349] Got license for feature 'Synthesis' and/or device 'xc7z020'
INFO: [Synth 8-7079] Multithreading enabled for synth_design using a maximum of 4 processes.
INFO: [Synth 8-7078] Launching helper process for spawning children vivado processes
INFO: [Synth 8-7075] Helper process launched with PID 28382
---------------------------------------------------------------------------------
Starting Synthesize : Time (s): cpu = 00:00:04 ; elapsed = 00:00:05 . Memory (MB): peak = 2092.188 ; gain = 0.000 ; free physical = 6951 ; free virtual = 13768
---------------------------------------------------------------------------------
INFO: [Synth 8-6157] synthesizing module 'design_1_SERIAL_CLOCK_0_0' [/home/student/HDL/Projekty/G5_N/kalkulator/kalkulatorG5_N/kalkulatorG5_N.srcs/sources_1/bd/design_1/ip/design_1_SERIAL_CLOCK_0_0/synth/design_1_SERIAL_CLOCK_0_0.v:58]
INFO: [Synth 8-6157] synthesizing module 'SERIAL_CLOCK' [/home/student/HDL/Projekty/G5_N/kalkulator/kalkulatorG5_N/kalkulatorG5_N.srcs/sources_1/bd/design_1/ipshared/e5dd/src/serial_clock.v:19]
	Parameter K bound to: 3221 - type: integer 
	Parameter N bound to: 20 - type: integer 
INFO: [Synth 8-6155] done synthesizing module 'SERIAL_CLOCK' (1#1) [/home/student/HDL/Projekty/G5_N/kalkulator/kalkulatorG5_N/kalkulatorG5_N.srcs/sources_1/bd/design_1/ipshared/e5dd/src/serial_clock.v:19]
INFO: [Synth 8-6155] done synthesizing module 'design_1_SERIAL_CLOCK_0_0' (2#1) [/home/student/HDL/Projekty/G5_N/kalkulator/kalkulatorG5_N/kalkulatorG5_N.srcs/sources_1/bd/design_1/ip/design_1_SERIAL_CLOCK_0_0/synth/design_1_SERIAL_CLOCK_0_0.v:58]
---------------------------------------------------------------------------------
Finished Synthesize : Time (s): cpu = 00:00:05 ; elapsed = 00:00:06 . Memory (MB): peak = 2092.188 ; gain = 0.000 ; free physical = 6246 ; free virtual = 13059
---------------------------------------------------------------------------------
---------------------------------------------------------------------------------
Finished Constraint Validation : Time (s): cpu = 00:00:05 ; elapsed = 00:00:07 . Memory (MB): peak = 2092.188 ; gain = 0.000 ; free physical = 6810 ; free virtual = 13624
---------------------------------------------------------------------------------
---------------------------------------------------------------------------------
Start Loading Part and Timing Information
---------------------------------------------------------------------------------
Loading part: xc7z020clg400-1
INFO: [Device 21-403] Loading part xc7z020clg400-1
---------------------------------------------------------------------------------
Finished Loading Part and Timing Information : Time (s): cpu = 00:00:05 ; elapsed = 00:00:07 . Memory (MB): peak = 2098.215 ; gain = 6.027 ; free physical = 6835 ; free virtual = 13648
---------------------------------------------------------------------------------
---------------------------------------------------------------------------------
Finished RTL Optimization Phase 2 : Time (s): cpu = 00:00:05 ; elapsed = 00:00:07 . Memory (MB): peak = 2098.215 ; gain = 6.027 ; free physical = 6805 ; free virtual = 13619
---------------------------------------------------------------------------------
No constraint files found.
---------------------------------------------------------------------------------
Start RTL Component Statistics 
---------------------------------------------------------------------------------
Detailed RTL Component Info : 
+---Adders : 
	   2 Input    3 Bit       Adders := 1     
+---Registers : 
	                3 Bit    Registers := 1     
	                1 Bit    Registers := 1     
---------------------------------------------------------------------------------
Finished RTL Component Statistics 
---------------------------------------------------------------------------------
---------------------------------------------------------------------------------
Start Part Resource Summary
---------------------------------------------------------------------------------
Part Resources:
DSPs: 220 (col length:60)
BRAMs: 280 (col length: RAMB18 60 RAMB36 30)
---------------------------------------------------------------------------------
Finished Part Resource Summary
---------------------------------------------------------------------------------
No constraint files found.
---------------------------------------------------------------------------------
Start Cross Boundary and Area Optimization
---------------------------------------------------------------------------------
---------------------------------------------------------------------------------
Finished Cross Boundary and Area Optimization : Time (s): cpu = 00:00:09 ; elapsed = 00:00:13 . Memory (MB): peak = 2098.215 ; gain = 6.027 ; free physical = 6618 ; free virtual = 13459
---------------------------------------------------------------------------------
No constraint files found.
---------------------------------------------------------------------------------
Start Timing Optimization
---------------------------------------------------------------------------------
---------------------------------------------------------------------------------
Finished Timing Optimization : Time (s): cpu = 00:00:09 ; elapsed = 00:00:13 . Memory (MB): peak = 2098.215 ; gain = 6.027 ; free physical = 6604 ; free virtual = 13447
---------------------------------------------------------------------------------
---------------------------------------------------------------------------------
Start Technology Mapping
---------------------------------------------------------------------------------
---------------------------------------------------------------------------------
Finished Technology Mapping : Time (s): cpu = 00:00:09 ; elapsed = 00:00:13 . Memory (MB): peak = 2098.215 ; gain = 6.027 ; free physical = 6596 ; free virtual = 13439
---------------------------------------------------------------------------------
---------------------------------------------------------------------------------
Start IO Insertion
---------------------------------------------------------------------------------
---------------------------------------------------------------------------------
Start Flattening Before IO Insertion
---------------------------------------------------------------------------------
---------------------------------------------------------------------------------
Finished Flattening Before IO Insertion
---------------------------------------------------------------------------------
---------------------------------------------------------------------------------
Start Final Netlist Cleanup
---------------------------------------------------------------------------------
---------------------------------------------------------------------------------
Finished Final Netlist Cleanup
---------------------------------------------------------------------------------
---------------------------------------------------------------------------------
Finished IO Insertion : Time (s): cpu = 00:00:11 ; elapsed = 00:00:15 . Memory (MB): peak = 2098.215 ; gain = 6.027 ; free physical = 6539 ; free virtual = 13380
---------------------------------------------------------------------------------
---------------------------------------------------------------------------------
Start Renaming Generated Instances
---------------------------------------------------------------------------------
---------------------------------------------------------------------------------
Finished Renaming Generated Instances : Time (s): cpu = 00:00:11 ; elapsed = 00:00:15 . Memory (MB): peak = 2098.215 ; gain = 6.027 ; free physical = 6539 ; free virtual = 13380
---------------------------------------------------------------------------------
---------------------------------------------------------------------------------
Start Rebuilding User Hierarchy
---------------------------------------------------------------------------------
---------------------------------------------------------------------------------
Finished Rebuilding User Hierarchy : Time (s): cpu = 00:00:11 ; elapsed = 00:00:15 . Memory (MB): peak = 2098.215 ; gain = 6.027 ; free physical = 6537 ; free virtual = 13378
---------------------------------------------------------------------------------
---------------------------------------------------------------------------------
Start Renaming Generated Ports
---------------------------------------------------------------------------------
---------------------------------------------------------------------------------
Finished Renaming Generated Ports : Time (s): cpu = 00:00:11 ; elapsed = 00:00:15 . Memory (MB): peak = 2098.215 ; gain = 6.027 ; free physical = 6537 ; free virtual = 13378
---------------------------------------------------------------------------------
---------------------------------------------------------------------------------
Start Handling Custom Attributes
---------------------------------------------------------------------------------
---------------------------------------------------------------------------------
Finished Handling Custom Attributes : Time (s): cpu = 00:00:11 ; elapsed = 00:00:15 . Memory (MB): peak = 2098.215 ; gain = 6.027 ; free physical = 6535 ; free virtual = 13376
---------------------------------------------------------------------------------
---------------------------------------------------------------------------------
Start Renaming Generated Nets
---------------------------------------------------------------------------------
---------------------------------------------------------------------------------
Finished Renaming Generated Nets : Time (s): cpu = 00:00:11 ; elapsed = 00:00:15 . Memory (MB): peak = 2098.215 ; gain = 6.027 ; free physical = 6534 ; free virtual = 13375
---------------------------------------------------------------------------------
---------------------------------------------------------------------------------
Start Writing Synthesis Report
---------------------------------------------------------------------------------

Report BlackBoxes: 
+-+--------------+----------+
| |BlackBox name |Instances |
+-+--------------+----------+
+-+--------------+----------+

Report Cell Usage: 
+------+-------+------+
|      |Cell   |Count |
+------+-------+------+
|1     |CARRY4 |     5|
|2     |LUT1   |     7|
|3     |LUT2   |     1|
|4     |LUT3   |     1|
|5     |LUT4   |     1|
|6     |FDRE   |    24|
+------+-------+------+

Report Instance Areas: 
+------+---------+-------------+------+
|      |Instance |Module       |Cells |
+------+---------+-------------+------+
|1     |top      |             |    39|
|2     |  inst   |SERIAL_CLOCK |    39|
+------+---------+-------------+------+
---------------------------------------------------------------------------------
Finished Writing Synthesis Report : Time (s): cpu = 00:00:11 ; elapsed = 00:00:15 . Memory (MB): peak = 2098.215 ; gain = 6.027 ; free physical = 6533 ; free virtual = 13374
---------------------------------------------------------------------------------
Synthesis finished with 0 errors, 0 critical warnings and 0 warnings.
Synthesis Optimization Runtime : Time (s): cpu = 00:00:11 ; elapsed = 00:00:15 . Memory (MB): peak = 2098.215 ; gain = 6.027 ; free physical = 6532 ; free virtual = 13373
Synthesis Optimization Complete : Time (s): cpu = 00:00:11 ; elapsed = 00:00:15 . Memory (MB): peak = 2098.223 ; gain = 6.027 ; free physical = 6532 ; free virtual = 13373
INFO: [Project 1-571] Translating synthesized netlist
Netlist sorting complete. Time (s): cpu = 00:00:00 ; elapsed = 00:00:00 . Memory (MB): peak = 2098.223 ; gain = 0.000 ; free physical = 6568 ; free virtual = 13411
INFO: [Netlist 29-17] Analyzing 5 Unisim elements for replacement
INFO: [Netlist 29-28] Unisim Transformation completed in 0 CPU seconds
INFO: [Project 1-570] Preparing netlist for logic optimization
INFO: [Opt 31-138] Pushed 0 inverter(s) to 0 load pin(s).
Netlist sorting complete. Time (s): cpu = 00:00:00 ; elapsed = 00:00:00 . Memory (MB): peak = 2154.242 ; gain = 0.000 ; free physical = 6585 ; free virtual = 13428
INFO: [Project 1-111] Unisim Transformation Summary:
No Unisim elements were transformed.

INFO: [Common 17-83] Releasing license: Synthesis
20 Infos, 0 Warnings, 0 Critical Warnings and 0 Errors encountered.
synth_design completed successfully
synth_design: Time (s): cpu = 00:00:16 ; elapsed = 00:00:17 . Memory (MB): peak = 2154.242 ; gain = 62.055 ; free physical = 6714 ; free virtual = 13557
INFO: [Timing 38-35] Done setting XDC timing constraints.
INFO: [Common 17-1381] The checkpoint '/home/student/HDL/Projekty/G5_N/kalkulator/kalkulatorG5_N/kalkulatorG5_N.runs/design_1_SERIAL_CLOCK_0_0_synth_1/design_1_SERIAL_CLOCK_0_0.dcp' has been generated.
write_checkpoint: Time (s): cpu = 00:00:05 ; elapsed = 00:00:07 . Memory (MB): peak = 2502.250 ; gain = 348.008 ; free physical = 7087 ; free virtual = 13941
WARNING: [Common 17-576] 'use_project_ipc' is deprecated. This option is deprecated and no longer used.
INFO: [Coretcl 2-1648] Added synthesis output to IP cache for IP design_1_SERIAL_CLOCK_0_0, cache-ID = 0bec4c127f62489f
WARNING: [Constraints 18-5210] No constraints selected for write.
Resolution: This message can indicate that there are no constraints for the design, or it can indicate that the used_in flags are set such that the constraints are ignored. This later case is used when running synth_design to not write synthesis constraints to the resulting checkpoint. Instead, project constraints are read when the synthesized design is opened.
INFO: [Common 17-1381] The checkpoint '/home/student/HDL/Projekty/G5_N/kalkulator/kalkulatorG5_N/kalkulatorG5_N.runs/design_1_SERIAL_CLOCK_0_0_synth_1/design_1_SERIAL_CLOCK_0_0.dcp' has been generated.
INFO: [runtcl-4] Executing : report_utilization -file design_1_SERIAL_CLOCK_0_0_utilization_synth.rpt -pb design_1_SERIAL_CLOCK_0_0_utilization_synth.pb
INFO: [Common 17-206] Exiting Vivado at Sat Jun 15 11:05:18 2024...
