
*** Running vivado
    with args -log design_1_Licznik_2_0_0.vds -m64 -product Vivado -mode batch -messageDb vivado.pb -notrace -source design_1_Licznik_2_0_0.tcl


****** Vivado v2020.1 (64-bit)
  **** SW Build 2902540 on Wed May 27 19:54:35 MDT 2020
  **** IP Build 2902112 on Wed May 27 22:43:36 MDT 2020
    ** Copyright 1986-2020 Xilinx, Inc. All Rights Reserved.

source design_1_Licznik_2_0_0.tcl -notrace
INFO: [IP_Flow 19-234] Refreshing IP repositories
INFO: [IP_Flow 19-1700] Loaded user IP repository '/home/student/HDL/Projekty/G5_N/project_licznik/project_licznik.srcs/sources_1/imports/IP/SegmentsIP'.
INFO: [IP_Flow 19-1700] Loaded user IP repository '/home/student/HDL/Projekty/G5_N/project_licznik/project_licznik.srcs/sources_1/imports/IP/dzielnikIP'.
INFO: [IP_Flow 19-1700] Loaded user IP repository '/home/student/HDL/Projekty/G5_N/project_licznik/project_licznik.srcs/sources_1/imports/IP/blink'.
INFO: [IP_Flow 19-1700] Loaded user IP repository '/home/student/HDL/Projekty/G5_N/project_licznik/project_licznik.srcs/sources_1/imports/IP/Bin_2'.
INFO: [IP_Flow 19-1700] Loaded user IP repository '/home/student/HDL/Projekty/G5_N/project_licznik/project_licznik.srcs/sources_1/imports/IP/MUX_IP'.
INFO: [IP_Flow 19-1700] Loaded user IP repository '/home/student/HDL/Projekty/G5_N/project_licznik/project_licznik.srcs/sources_1/imports/IP/Licznik_IP'.
INFO: [IP_Flow 19-2313] Loaded Vivado IP repository '/tools/Xilinx/Vivado/2020.1/data/ip'.
Command: synth_design -top design_1_Licznik_2_0_0 -part xc7z020clg400-1 -mode out_of_context
Starting synth_design
WARNING: [IP_Flow 19-3571] IP 'design_1_Licznik_2_0_0' is restricted:
* Module reference is stale and needs refreshing.
Attempting to get a license for feature 'Synthesis' and/or device 'xc7z020'
INFO: [Common 17-349] Got license for feature 'Synthesis' and/or device 'xc7z020'
INFO: [Device 21-403] Loading part xc7z020clg400-1
INFO: [Synth 8-7079] Multithreading enabled for synth_design using a maximum of 4 processes.
INFO: [Synth 8-7078] Launching helper process for spawning children vivado processes
INFO: [Synth 8-7075] Helper process launched with PID 30833
---------------------------------------------------------------------------------
Starting RTL Elaboration : Time (s): cpu = 00:00:02 ; elapsed = 00:00:02 . Memory (MB): peak = 2091.723 ; gain = 0.000 ; free physical = 7406 ; free virtual = 12843
---------------------------------------------------------------------------------
INFO: [Synth 8-6157] synthesizing module 'design_1_Licznik_2_0_0' [/home/student/HDL/Projekty/G5_N/project_licznik/project_licznik.srcs/sources_1/bd/design_1/ip/design_1_Licznik_2_0_0/synth/design_1_Licznik_2_0_0.v:58]
INFO: [Synth 8-6157] synthesizing module 'Licznik_2' [/home/student/HDL/Projekty/G5_N/project_licznik/project_licznik.srcs/sources_1/new/licznik_2.v:4]
INFO: [Synth 8-6155] done synthesizing module 'Licznik_2' (1#1) [/home/student/HDL/Projekty/G5_N/project_licznik/project_licznik.srcs/sources_1/new/licznik_2.v:4]
INFO: [Synth 8-6155] done synthesizing module 'design_1_Licznik_2_0_0' (2#1) [/home/student/HDL/Projekty/G5_N/project_licznik/project_licznik.srcs/sources_1/bd/design_1/ip/design_1_Licznik_2_0_0/synth/design_1_Licznik_2_0_0.v:58]
---------------------------------------------------------------------------------
Finished RTL Elaboration : Time (s): cpu = 00:00:02 ; elapsed = 00:00:03 . Memory (MB): peak = 2091.723 ; gain = 0.000 ; free physical = 7498 ; free virtual = 12935
---------------------------------------------------------------------------------
---------------------------------------------------------------------------------
Start Handling Custom Attributes
---------------------------------------------------------------------------------
---------------------------------------------------------------------------------
Finished Handling Custom Attributes : Time (s): cpu = 00:00:03 ; elapsed = 00:00:03 . Memory (MB): peak = 2091.723 ; gain = 0.000 ; free physical = 7495 ; free virtual = 12932
---------------------------------------------------------------------------------
---------------------------------------------------------------------------------
Finished RTL Optimization Phase 1 : Time (s): cpu = 00:00:03 ; elapsed = 00:00:03 . Memory (MB): peak = 2091.723 ; gain = 0.000 ; free physical = 7495 ; free virtual = 12932
---------------------------------------------------------------------------------
Netlist sorting complete. Time (s): cpu = 00:00:00 ; elapsed = 00:00:00 . Memory (MB): peak = 2091.723 ; gain = 0.000 ; free physical = 7489 ; free virtual = 12926
INFO: [Project 1-570] Preparing netlist for logic optimization

Processing XDC Constraints
Initializing timing engine
Completed Processing XDC Constraints

Netlist sorting complete. Time (s): cpu = 00:00:00 ; elapsed = 00:00:00 . Memory (MB): peak = 2184.590 ; gain = 0.000 ; free physical = 7413 ; free virtual = 12850
INFO: [Project 1-111] Unisim Transformation Summary:
No Unisim elements were transformed.

Constraint Validation Runtime : Time (s): cpu = 00:00:00 ; elapsed = 00:00:00.02 . Memory (MB): peak = 2184.590 ; gain = 0.000 ; free physical = 7413 ; free virtual = 12850
---------------------------------------------------------------------------------
Finished Constraint Validation : Time (s): cpu = 00:00:05 ; elapsed = 00:00:06 . Memory (MB): peak = 2184.590 ; gain = 92.867 ; free physical = 7477 ; free virtual = 12914
---------------------------------------------------------------------------------
---------------------------------------------------------------------------------
Start Loading Part and Timing Information
---------------------------------------------------------------------------------
Loading part: xc7z020clg400-1
---------------------------------------------------------------------------------
Finished Loading Part and Timing Information : Time (s): cpu = 00:00:05 ; elapsed = 00:00:06 . Memory (MB): peak = 2184.590 ; gain = 92.867 ; free physical = 7477 ; free virtual = 12914
---------------------------------------------------------------------------------
---------------------------------------------------------------------------------
Start Applying 'set_property' XDC Constraints
---------------------------------------------------------------------------------
---------------------------------------------------------------------------------
Finished applying 'set_property' XDC Constraints : Time (s): cpu = 00:00:05 ; elapsed = 00:00:06 . Memory (MB): peak = 2184.590 ; gain = 92.867 ; free physical = 7477 ; free virtual = 12914
---------------------------------------------------------------------------------
---------------------------------------------------------------------------------
Finished RTL Optimization Phase 2 : Time (s): cpu = 00:00:05 ; elapsed = 00:00:07 . Memory (MB): peak = 2184.590 ; gain = 92.867 ; free physical = 7473 ; free virtual = 12910
---------------------------------------------------------------------------------
---------------------------------------------------------------------------------
Start RTL Component Statistics 
---------------------------------------------------------------------------------
Detailed RTL Component Info : 
+---Adders : 
	   2 Input    7 Bit       Adders := 1     
+---Registers : 
	                7 Bit    Registers := 1     
+---Muxes : 
	   2 Input    1 Bit        Muxes := 1     
---------------------------------------------------------------------------------
Finished RTL Component Statistics 
---------------------------------------------------------------------------------
---------------------------------------------------------------------------------
Start Part Resource Summary
---------------------------------------------------------------------------------
Part Resources:
DSPs: 220 (col length:60)
BRAMs: 280 (col length: RAMB18 60 RAMB36 30)
---------------------------------------------------------------------------------
Finished Part Resource Summary
---------------------------------------------------------------------------------
---------------------------------------------------------------------------------
Start Cross Boundary and Area Optimization
---------------------------------------------------------------------------------
---------------------------------------------------------------------------------
Finished Cross Boundary and Area Optimization : Time (s): cpu = 00:00:06 ; elapsed = 00:00:07 . Memory (MB): peak = 2184.590 ; gain = 92.867 ; free physical = 7457 ; free virtual = 12898
---------------------------------------------------------------------------------
---------------------------------------------------------------------------------
Start Applying XDC Timing Constraints
---------------------------------------------------------------------------------
---------------------------------------------------------------------------------
Finished Applying XDC Timing Constraints : Time (s): cpu = 00:00:08 ; elapsed = 00:00:10 . Memory (MB): peak = 2184.590 ; gain = 92.867 ; free physical = 7336 ; free virtual = 12776
---------------------------------------------------------------------------------
---------------------------------------------------------------------------------
Start Timing Optimization
---------------------------------------------------------------------------------
---------------------------------------------------------------------------------
Finished Timing Optimization : Time (s): cpu = 00:00:08 ; elapsed = 00:00:10 . Memory (MB): peak = 2184.590 ; gain = 92.867 ; free physical = 7336 ; free virtual = 12776
---------------------------------------------------------------------------------
---------------------------------------------------------------------------------
Start Technology Mapping
---------------------------------------------------------------------------------
---------------------------------------------------------------------------------
Finished Technology Mapping : Time (s): cpu = 00:00:08 ; elapsed = 00:00:10 . Memory (MB): peak = 2184.590 ; gain = 92.867 ; free physical = 7335 ; free virtual = 12775
---------------------------------------------------------------------------------
---------------------------------------------------------------------------------
Start IO Insertion
---------------------------------------------------------------------------------
---------------------------------------------------------------------------------
Start Flattening Before IO Insertion
---------------------------------------------------------------------------------
---------------------------------------------------------------------------------
Finished Flattening Before IO Insertion
---------------------------------------------------------------------------------
---------------------------------------------------------------------------------
Start Final Netlist Cleanup
---------------------------------------------------------------------------------
---------------------------------------------------------------------------------
Finished Final Netlist Cleanup
---------------------------------------------------------------------------------
---------------------------------------------------------------------------------
Finished IO Insertion : Time (s): cpu = 00:00:09 ; elapsed = 00:00:11 . Memory (MB): peak = 2184.590 ; gain = 92.867 ; free physical = 7335 ; free virtual = 12775
---------------------------------------------------------------------------------
---------------------------------------------------------------------------------
Start Renaming Generated Instances
---------------------------------------------------------------------------------
---------------------------------------------------------------------------------
Finished Renaming Generated Instances : Time (s): cpu = 00:00:09 ; elapsed = 00:00:11 . Memory (MB): peak = 2184.590 ; gain = 92.867 ; free physical = 7335 ; free virtual = 12775
---------------------------------------------------------------------------------
---------------------------------------------------------------------------------
Start Rebuilding User Hierarchy
---------------------------------------------------------------------------------
---------------------------------------------------------------------------------
Finished Rebuilding User Hierarchy : Time (s): cpu = 00:00:09 ; elapsed = 00:00:11 . Memory (MB): peak = 2184.590 ; gain = 92.867 ; free physical = 7335 ; free virtual = 12775
---------------------------------------------------------------------------------
---------------------------------------------------------------------------------
Start Renaming Generated Ports
---------------------------------------------------------------------------------
---------------------------------------------------------------------------------
Finished Renaming Generated Ports : Time (s): cpu = 00:00:09 ; elapsed = 00:00:11 . Memory (MB): peak = 2184.590 ; gain = 92.867 ; free physical = 7335 ; free virtual = 12775
---------------------------------------------------------------------------------
---------------------------------------------------------------------------------
Start Handling Custom Attributes
---------------------------------------------------------------------------------
---------------------------------------------------------------------------------
Finished Handling Custom Attributes : Time (s): cpu = 00:00:09 ; elapsed = 00:00:11 . Memory (MB): peak = 2184.590 ; gain = 92.867 ; free physical = 7335 ; free virtual = 12775
---------------------------------------------------------------------------------
---------------------------------------------------------------------------------
Start Renaming Generated Nets
---------------------------------------------------------------------------------
---------------------------------------------------------------------------------
Finished Renaming Generated Nets : Time (s): cpu = 00:00:09 ; elapsed = 00:00:11 . Memory (MB): peak = 2184.590 ; gain = 92.867 ; free physical = 7335 ; free virtual = 12775
---------------------------------------------------------------------------------
---------------------------------------------------------------------------------
Start Writing Synthesis Report
---------------------------------------------------------------------------------

Report BlackBoxes: 
+-+--------------+----------+
| |BlackBox name |Instances |
+-+--------------+----------+
+-+--------------+----------+

Report Cell Usage: 
+------+-----+------+
|      |Cell |Count |
+------+-----+------+
|1     |LUT1 |     1|
|2     |LUT2 |     1|
|3     |LUT3 |     2|
|4     |LUT4 |     1|
|5     |LUT5 |     2|
|6     |LUT6 |     2|
|7     |FDRE |     7|
+------+-----+------+
---------------------------------------------------------------------------------
Finished Writing Synthesis Report : Time (s): cpu = 00:00:09 ; elapsed = 00:00:11 . Memory (MB): peak = 2184.590 ; gain = 92.867 ; free physical = 7335 ; free virtual = 12775
---------------------------------------------------------------------------------
Synthesis finished with 0 errors, 0 critical warnings and 0 warnings.
Synthesis Optimization Runtime : Time (s): cpu = 00:00:09 ; elapsed = 00:00:11 . Memory (MB): peak = 2184.590 ; gain = 0.000 ; free physical = 7390 ; free virtual = 12831
Synthesis Optimization Complete : Time (s): cpu = 00:00:10 ; elapsed = 00:00:11 . Memory (MB): peak = 2184.590 ; gain = 92.867 ; free physical = 7390 ; free virtual = 12831
INFO: [Project 1-571] Translating synthesized netlist
Netlist sorting complete. Time (s): cpu = 00:00:00 ; elapsed = 00:00:00 . Memory (MB): peak = 2184.590 ; gain = 0.000 ; free physical = 7462 ; free virtual = 12902
INFO: [Project 1-570] Preparing netlist for logic optimization
INFO: [Opt 31-138] Pushed 0 inverter(s) to 0 load pin(s).
Netlist sorting complete. Time (s): cpu = 00:00:00 ; elapsed = 00:00:00 . Memory (MB): peak = 2197.465 ; gain = 0.000 ; free physical = 7404 ; free virtual = 12844
INFO: [Project 1-111] Unisim Transformation Summary:
No Unisim elements were transformed.

INFO: [Common 17-83] Releasing license: Synthesis
24 Infos, 1 Warnings, 0 Critical Warnings and 0 Errors encountered.
synth_design completed successfully
synth_design: Time (s): cpu = 00:00:15 ; elapsed = 00:00:15 . Memory (MB): peak = 2197.465 ; gain = 105.742 ; free physical = 7543 ; free virtual = 12984
INFO: [Common 17-1381] The checkpoint '/home/student/HDL/Projekty/G5_N/project_licznik/project_licznik.runs/design_1_Licznik_2_0_0_synth_1/design_1_Licznik_2_0_0.dcp' has been generated.
WARNING: [Common 17-576] 'use_project_ipc' is deprecated. This option is deprecated and no longer used.
INFO: [Common 17-1381] The checkpoint '/home/student/HDL/Projekty/G5_N/project_licznik/project_licznik.runs/design_1_Licznik_2_0_0_synth_1/design_1_Licznik_2_0_0.dcp' has been generated.
INFO: [runtcl-4] Executing : report_utilization -file design_1_Licznik_2_0_0_utilization_synth.rpt -pb design_1_Licznik_2_0_0_utilization_synth.pb
INFO: [Common 17-206] Exiting Vivado at Sat May 11 12:57:12 2024...
